2024-06-09 22:06:33 startup archives unpack
2024-06-09 22:06:34 upgrade bluez-firmware:all 1.2-3+rpt4.1 1.2-3+rpt7
2024-06-09 22:06:34 status half-configured bluez-firmware:all 1.2-3+rpt4.1
2024-06-09 22:06:34 status unpacked bluez-firmware:all 1.2-3+rpt4.1
2024-06-09 22:06:34 status half-installed bluez-firmware:all 1.2-3+rpt4.1
2024-06-09 22:06:34 status half-installed bluez-firmware:all 1.2-3+rpt4.1
2024-06-09 22:06:34 status unpacked bluez-firmware:all 1.2-3+rpt7
2024-06-09 22:06:34 status unpacked bluez-firmware:all 1.2-3+rpt7
2024-06-09 22:06:34 upgrade dhcpcd5:armhf 1:6.11.5-1+rpt4 1:6.11.5-1+rpt7
2024-06-09 22:06:34 status half-configured dhcpcd5:armhf 1:6.11.5-1+rpt4
2024-06-09 22:06:34 status unpacked dhcpcd5:armhf 1:6.11.5-1+rpt4
2024-06-09 22:06:34 status half-installed dhcpcd5:armhf 1:6.11.5-1+rpt4
2024-06-09 22:06:34 status triggers-pending systemd:armhf 232-25+deb9u2
2024-06-09 22:06:35 status triggers-pending man-db:armhf 2.7.6.1-2
2024-06-09 22:06:35 status half-installed dhcpcd5:armhf 1:6.11.5-1+rpt4
2024-06-09 22:06:35 status unpacked dhcpcd5:armhf 1:6.11.5-1+rpt7
2024-06-09 22:06:35 status unpacked dhcpcd5:armhf 1:6.11.5-1+rpt7
2024-06-09 22:06:38 upgrade firmware-atheros:all 1:20161130-3+rpt3 1:20161130-3+rpt4
2024-06-09 22:06:38 status half-configured firmware-atheros:all 1:20161130-3+rpt3
2024-06-09 22:06:38 status unpacked firmware-atheros:all 1:20161130-3+rpt3
2024-06-09 22:06:38 status half-installed firmware-atheros:all 1:20161130-3+rpt3
2024-06-09 22:06:50 status half-installed firmware-atheros:all 1:20161130-3+rpt3
2024-06-09 22:06:50 status unpacked firmware-atheros:all 1:20161130-3+rpt4
2024-06-09 22:06:50 status unpacked firmware-atheros:all 1:20161130-3+rpt4
2024-06-09 22:06:51 upgrade firmware-brcm80211:all 1:20161130-3+rpt3 1:20161130-3+rpt4
2024-06-09 22:06:51 status half-configured firmware-brcm80211:all 1:20161130-3+rpt3
2024-06-09 22:06:51 status unpacked firmware-brcm80211:all 1:20161130-3+rpt3
2024-06-09 22:06:51 status half-installed firmware-brcm80211:all 1:20161130-3+rpt3
2024-06-09 22:06:56 status half-installed firmware-brcm80211:all 1:20161130-3+rpt3
2024-06-09 22:06:58 status unpacked firmware-brcm80211:all 1:20161130-3+rpt4
2024-06-09 22:06:58 status unpacked firmware-brcm80211:all 1:20161130-3+rpt4
2024-06-09 22:06:58 upgrade firmware-libertas:all 1:20161130-3+rpt3 1:20161130-3+rpt4
2024-06-09 22:06:58 status half-configured firmware-libertas:all 1:20161130-3+rpt3
2024-06-09 22:06:58 status unpacked firmware-libertas:all 1:20161130-3+rpt3
2024-06-09 22:06:58 status half-installed firmware-libertas:all 1:20161130-3+rpt3
2024-06-09 22:07:03 status half-installed firmware-libertas:all 1:20161130-3+rpt3
2024-06-09 22:07:04 status unpacked firmware-libertas:all 1:20161130-3+rpt4
2024-06-09 22:07:04 status unpacked firmware-libertas:all 1:20161130-3+rpt4
2024-06-09 22:07:04 upgrade firmware-misc-nonfree:all 1:20161130-3+rpt3 1:20161130-3+rpt4
2024-06-09 22:07:04 status half-configured firmware-misc-nonfree:all 1:20161130-3+rpt3
2024-06-09 22:07:04 status unpacked firmware-misc-nonfree:all 1:20161130-3+rpt3
2024-06-09 22:07:04 status half-installed firmware-misc-nonfree:all 1:20161130-3+rpt3
2024-06-09 22:07:08 status half-installed firmware-misc-nonfree:all 1:20161130-3+rpt3
2024-06-09 22:07:11 status unpacked firmware-misc-nonfree:all 1:20161130-3+rpt4
2024-06-09 22:07:11 status unpacked firmware-misc-nonfree:all 1:20161130-3+rpt4
2024-06-09 22:07:11 upgrade firmware-realtek:all 1:20161130-3+rpt3 1:20161130-3+rpt4
2024-06-09 22:07:11 status half-configured firmware-realtek:all 1:20161130-3+rpt3
2024-06-09 22:07:12 status unpacked firmware-realtek:all 1:20161130-3+rpt3
2024-06-09 22:07:12 status half-installed firmware-realtek:all 1:20161130-3+rpt3
2024-06-09 22:07:12 status half-installed firmware-realtek:all 1:20161130-3+rpt3
2024-06-09 22:07:12 status unpacked firmware-realtek:all 1:20161130-3+rpt4
2024-06-09 22:07:12 status unpacked firmware-realtek:all 1:20161130-3+rpt4
2024-06-09 22:07:13 upgrade libasound2:armhf 1.1.3-5+rpi3 1.1.3-5+rpt4
2024-06-09 22:07:13 status triggers-pending libc-bin:armhf 2.24-11+deb9u3
2024-06-09 22:07:13 status half-configured libasound2:armhf 1.1.3-5+rpi3
2024-06-09 22:07:13 status unpacked libasound2:armhf 1.1.3-5+rpi3
2024-06-09 22:07:13 status half-installed libasound2:armhf 1.1.3-5+rpi3
2024-06-09 22:07:14 status half-installed libasound2:armhf 1.1.3-5+rpi3
2024-06-09 22:07:14 status unpacked libasound2:armhf 1.1.3-5+rpt4
2024-06-09 22:07:14 status unpacked libasound2:armhf 1.1.3-5+rpt4
2024-06-09 22:07:14 upgrade libasound2-data:all 1.1.3-5+rpi3 1.1.3-5+rpt4
2024-06-09 22:07:14 status half-configured libasound2-data:all 1.1.3-5+rpi3
2024-06-09 22:07:14 status unpacked libasound2-data:all 1.1.3-5+rpi3
2024-06-09 22:07:14 status half-installed libasound2-data:all 1.1.3-5+rpi3
2024-06-09 22:07:14 status half-installed libasound2-data:all 1.1.3-5+rpi3
2024-06-09 22:07:14 status unpacked libasound2-data:all 1.1.3-5+rpt4
2024-06-09 22:07:14 status unpacked libasound2-data:all 1.1.3-5+rpt4
2024-06-09 22:07:20 upgrade libpixman-1-0:armhf 0.34.0-1 0.34.0-1+rpi1
2024-06-09 22:07:20 status half-configured libpixman-1-0:armhf 0.34.0-1
2024-06-09 22:07:20 status unpacked libpixman-1-0:armhf 0.34.0-1
2024-06-09 22:07:20 status half-installed libpixman-1-0:armhf 0.34.0-1
2024-06-09 22:07:22 status half-installed libpixman-1-0:armhf 0.34.0-1
2024-06-09 22:07:22 status unpacked libpixman-1-0:armhf 0.34.0-1+rpi1
2024-06-09 22:07:22 status unpacked libpixman-1-0:armhf 0.34.0-1+rpi1
2024-06-09 22:07:22 upgrade libraspberrypi-doc:armhf 1.20180313-1 1.20190819~stretch-1
2024-06-09 22:07:22 status half-configured libraspberrypi-doc:armhf 1.20180313-1
2024-06-09 22:07:22 status unpacked libraspberrypi-doc:armhf 1.20180313-1
2024-06-09 22:07:22 status half-installed libraspberrypi-doc:armhf 1.20180313-1
2024-06-09 22:07:37 status half-installed libraspberrypi-doc:armhf 1.20180313-1
2024-06-09 22:07:38 status unpacked libraspberrypi-doc:armhf 1.20190819~stretch-1
2024-06-09 22:07:38 status unpacked libraspberrypi-doc:armhf 1.20190819~stretch-1
2024-06-09 22:07:38 upgrade libraspberrypi-dev:armhf 1.20180313-1 1.20190819~stretch-1
2024-06-09 22:07:38 status half-configured libraspberrypi-dev:armhf 1.20180313-1
2024-06-09 22:07:38 status unpacked libraspberrypi-dev:armhf 1.20180313-1
2024-06-09 22:07:38 status half-installed libraspberrypi-dev:armhf 1.20180313-1
2024-06-09 22:07:40 status half-installed libraspberrypi-dev:armhf 1.20180313-1
2024-06-09 22:07:40 status unpacked libraspberrypi-dev:armhf 1.20190819~stretch-1
2024-06-09 22:07:40 status unpacked libraspberrypi-dev:armhf 1.20190819~stretch-1
2024-06-09 22:07:40 upgrade raspberrypi-kernel:armhf 1.20180313-1 1.20190819~stretch-1
2024-06-09 22:07:40 status half-configured raspberrypi-kernel:armhf 1.20180313-1
2024-06-09 22:07:40 status unpacked raspberrypi-kernel:armhf 1.20180313-1
2024-06-09 22:07:40 status half-installed raspberrypi-kernel:armhf 1.20180313-1
2024-06-09 22:08:58 status half-installed raspberrypi-kernel:armhf 1.20180313-1
2024-06-09 22:09:03 status unpacked raspberrypi-kernel:armhf 1.20190819~stretch-1
2024-06-09 22:09:03 status unpacked raspberrypi-kernel:armhf 1.20190819~stretch-1
2024-06-09 22:09:04 upgrade libraspberrypi-bin:armhf 1.20180313-1 1.20190819~stretch-1
2024-06-09 22:09:04 status half-configured libraspberrypi-bin:armhf 1.20180313-1
2024-06-09 22:09:05 status unpacked libraspberrypi-bin:armhf 1.20180313-1
2024-06-09 22:09:05 status half-installed libraspberrypi-bin:armhf 1.20180313-1
2024-06-09 22:09:06 status half-installed libraspberrypi-bin:armhf 1.20180313-1
2024-06-09 22:09:06 status unpacked libraspberrypi-bin:armhf 1.20190819~stretch-1
2024-06-09 22:09:06 status unpacked libraspberrypi-bin:armhf 1.20190819~stretch-1
2024-06-09 22:09:06 upgrade libraspberrypi0:armhf 1.20180313-1 1.20190819~stretch-1
2024-06-09 22:09:06 status half-configured libraspberrypi0:armhf 1.20180313-1
2024-06-09 22:09:06 status unpacked libraspberrypi0:armhf 1.20180313-1
2024-06-09 22:09:06 status half-installed libraspberrypi0:armhf 1.20180313-1
2024-06-09 22:09:14 status half-installed libraspberrypi0:armhf 1.20180313-1
2024-06-09 22:09:14 status unpacked libraspberrypi0:armhf 1.20190819~stretch-1
2024-06-09 22:09:14 status unpacked libraspberrypi0:armhf 1.20190819~stretch-1
2024-06-09 22:09:15 upgrade raspberrypi-bootloader:armhf 1.20180313-1 1.20190819~stretch-1
2024-06-09 22:09:15 status half-configured raspberrypi-bootloader:armhf 1.20180313-1
2024-06-09 22:09:15 status unpacked raspberrypi-bootloader:armhf 1.20180313-1
2024-06-09 22:09:15 status half-installed raspberrypi-bootloader:armhf 1.20180313-1
2024-06-09 22:09:31 status half-installed raspberrypi-bootloader:armhf 1.20180313-1
2024-06-09 22:09:33 status unpacked raspberrypi-bootloader:armhf 1.20190819~stretch-1
2024-06-09 22:09:34 status unpacked raspberrypi-bootloader:armhf 1.20190819~stretch-1
2024-06-09 22:09:34 upgrade raspberrypi-sys-mods:armhf 20180312 20181127
2024-06-09 22:09:34 status half-configured raspberrypi-sys-mods:armhf 20180312
2024-06-09 22:09:34 status unpacked raspberrypi-sys-mods:armhf 20180312
2024-06-09 22:09:34 status half-installed raspberrypi-sys-mods:armhf 20180312
2024-06-09 22:09:35 status half-installed raspberrypi-sys-mods:armhf 20180312
2024-06-09 22:09:39 status unpacked raspberrypi-sys-mods:armhf 20181127
2024-06-09 22:09:39 status unpacked raspberrypi-sys-mods:armhf 20181127
2024-06-09 22:09:39 upgrade pi-bluetooth:all 0.1.7 0.1.10
2024-06-09 22:09:39 status half-configured pi-bluetooth:all 0.1.7
2024-06-09 22:09:39 status unpacked pi-bluetooth:all 0.1.7
2024-06-09 22:09:39 status half-installed pi-bluetooth:all 0.1.7
2024-06-09 22:09:39 status half-installed pi-bluetooth:all 0.1.7
2024-06-09 22:09:40 status unpacked pi-bluetooth:all 0.1.10
2024-06-09 22:09:40 status unpacked pi-bluetooth:all 0.1.10
2024-06-09 22:09:40 upgrade python-rpi.gpio:armhf 0.6.3~stretch-1 0.6.5~stretch-1
2024-06-09 22:09:40 status half-configured python-rpi.gpio:armhf 0.6.3~stretch-1
2024-06-09 22:09:41 status unpacked python-rpi.gpio:armhf 0.6.3~stretch-1
2024-06-09 22:09:41 status half-installed python-rpi.gpio:armhf 0.6.3~stretch-1
2024-06-09 22:09:41 status half-installed python-rpi.gpio:armhf 0.6.3~stretch-1
2024-06-09 22:09:41 status unpacked python-rpi.gpio:armhf 0.6.5~stretch-1
2024-06-09 22:09:41 status unpacked python-rpi.gpio:armhf 0.6.5~stretch-1
2024-06-09 22:09:41 upgrade python-six:all 1.10.0-3 1.12.0-0+rpt1
2024-06-09 22:09:41 status half-configured python-six:all 1.10.0-3
2024-06-09 22:09:42 status unpacked python-six:all 1.10.0-3
2024-06-09 22:09:42 status half-installed python-six:all 1.10.0-3
2024-06-09 22:09:42 status half-installed python-six:all 1.10.0-3
2024-06-09 22:09:42 status unpacked python-six:all 1.12.0-0+rpt1
2024-06-09 22:09:42 status unpacked python-six:all 1.12.0-0+rpt1
2024-06-09 22:09:42 upgrade raspi-copies-and-fills:armhf 0.6 0.11
2024-06-09 22:09:42 status half-configured raspi-copies-and-fills:armhf 0.6
2024-06-09 22:09:42 status unpacked raspi-copies-and-fills:armhf 0.6
2024-06-09 22:09:42 status half-installed raspi-copies-and-fills:armhf 0.6
2024-06-09 22:09:42 status half-installed raspi-copies-and-fills:armhf 0.6
2024-06-09 22:09:42 status unpacked raspi-copies-and-fills:armhf 0.11
2024-06-09 22:09:42 status unpacked raspi-copies-and-fills:armhf 0.11
2024-06-09 22:09:42 upgrade wireless-regdb:all 2016.06.10-1 2018.05.09-0~rpt1
2024-06-09 22:09:42 status half-configured wireless-regdb:all 2016.06.10-1
2024-06-09 22:09:42 status unpacked wireless-regdb:all 2016.06.10-1
2024-06-09 22:09:42 status half-installed wireless-regdb:all 2016.06.10-1
2024-06-09 22:09:42 status half-installed wireless-regdb:all 2016.06.10-1
2024-06-09 22:09:44 status unpacked wireless-regdb:all 2018.05.09-0~rpt1
2024-06-09 22:09:44 status unpacked wireless-regdb:all 2018.05.09-0~rpt1
2024-06-09 22:09:44 upgrade wpasupplicant:armhf 2:2.4-1+deb9u1 2:2.6-21~bpo9~rpt1
2024-06-09 22:09:44 status half-configured wpasupplicant:armhf 2:2.4-1+deb9u1
2024-06-09 22:09:44 status unpacked wpasupplicant:armhf 2:2.4-1+deb9u1
2024-06-09 22:09:44 status half-installed wpasupplicant:armhf 2:2.4-1+deb9u1
2024-06-09 22:09:44 status triggers-pending dbus:armhf 1.10.26-0+deb9u1
2024-06-09 22:09:45 status triggers-pending dbus:armhf 1.10.26-0+deb9u1
2024-06-09 22:09:45 status half-installed wpasupplicant:armhf 2:2.4-1+deb9u1
2024-06-09 22:09:45 status unpacked wpasupplicant:armhf 2:2.6-21~bpo9~rpt1
2024-06-09 22:09:45 status unpacked wpasupplicant:armhf 2:2.6-21~bpo9~rpt1
2024-06-09 22:09:45 upgrade fake-hwclock:all 0.11 0.11+rpt1
2024-06-09 22:09:45 status half-configured fake-hwclock:all 0.11
2024-06-09 22:09:45 status unpacked fake-hwclock:all 0.11
2024-06-09 22:09:45 status half-installed fake-hwclock:all 0.11
2024-06-09 22:09:45 status half-installed fake-hwclock:all 0.11
2024-06-09 22:09:46 status unpacked fake-hwclock:all 0.11+rpt1
2024-06-09 22:09:46 status unpacked fake-hwclock:all 0.11+rpt1
2024-06-09 22:09:46 upgrade raspi-config:all 20180228 20190423
2024-06-09 22:09:46 status half-configured raspi-config:all 20180228
2024-06-09 22:09:46 status unpacked raspi-config:all 20180228
2024-06-09 22:09:46 status half-installed raspi-config:all 20180228
2024-06-09 22:09:46 status half-installed raspi-config:all 20180228
2024-06-09 22:09:47 status unpacked raspi-config:all 20190423
2024-06-09 22:09:47 status unpacked raspi-config:all 20190423
2024-06-09 22:09:47 startup packages configure
2024-06-09 22:09:47 configure firmware-realtek:all 1:20161130-3+rpt4 <none>
2024-06-09 22:09:47 status unpacked firmware-realtek:all 1:20161130-3+rpt4
2024-06-09 22:09:51 status half-configured firmware-realtek:all 1:20161130-3+rpt4
2024-06-09 22:09:51 status installed firmware-realtek:all 1:20161130-3+rpt4
2024-06-09 22:09:51 status triggers-pending initramfs-tools:all 0.130
2024-06-09 22:09:51 configure bluez-firmware:all 1.2-3+rpt7 <none>
2024-06-09 22:09:51 status unpacked bluez-firmware:all 1.2-3+rpt7
2024-06-09 22:09:51 status half-configured bluez-firmware:all 1.2-3+rpt7
2024-06-09 22:09:51 status installed bluez-firmware:all 1.2-3+rpt7
2024-06-09 22:09:51 configure raspberrypi-sys-mods:armhf 20181127 <none>
2024-06-09 22:09:51 status unpacked raspberrypi-sys-mods:armhf 20181127
2024-06-09 22:09:51 status unpacked raspberrypi-sys-mods:armhf 20181127
2024-06-09 22:09:51 status unpacked raspberrypi-sys-mods:armhf 20181127
2024-06-09 22:09:51 status unpacked raspberrypi-sys-mods:armhf 20181127
2024-06-09 22:09:51 status unpacked raspberrypi-sys-mods:armhf 20181127
2024-06-09 22:09:51 status unpacked raspberrypi-sys-mods:armhf 20181127
2024-06-09 22:09:51 status unpacked raspberrypi-sys-mods:armhf 20181127
2024-06-09 22:09:51 status unpacked raspberrypi-sys-mods:armhf 20181127
2024-06-09 22:09:51 status unpacked raspberrypi-sys-mods:armhf 20181127
2024-06-09 22:09:51 status half-configured raspberrypi-sys-mods:armhf 20181127
2024-06-09 22:10:08 status installed raspberrypi-sys-mods:armhf 20181127
2024-06-09 22:10:08 configure raspi-copies-and-fills:armhf 0.11 <none>
2024-06-09 22:10:08 status unpacked raspi-copies-and-fills:armhf 0.11
2024-06-09 22:10:09 status half-configured raspi-copies-and-fills:armhf 0.11
2024-06-09 22:10:09 status installed raspi-copies-and-fills:armhf 0.11
2024-06-09 22:10:09 configure fake-hwclock:all 0.11+rpt1 <none>
2024-06-09 22:10:09 status unpacked fake-hwclock:all 0.11+rpt1
2024-06-09 22:10:09 status unpacked fake-hwclock:all 0.11+rpt1
2024-06-09 22:10:09 status unpacked fake-hwclock:all 0.11+rpt1
2024-06-09 22:10:09 status unpacked fake-hwclock:all 0.11+rpt1
2024-06-09 22:10:09 status half-configured fake-hwclock:all 0.11+rpt1
2024-06-09 22:10:10 status installed fake-hwclock:all 0.11+rpt1
2024-06-09 22:10:10 configure dhcpcd5:armhf 1:6.11.5-1+rpt7 <none>
2024-06-09 22:10:10 status unpacked dhcpcd5:armhf 1:6.11.5-1+rpt7
2024-06-09 22:10:10 status unpacked dhcpcd5:armhf 1:6.11.5-1+rpt7
2024-06-09 22:10:10 status unpacked dhcpcd5:armhf 1:6.11.5-1+rpt7
2024-06-09 22:10:10 status half-configured dhcpcd5:armhf 1:6.11.5-1+rpt7
2024-06-09 22:10:12 status installed dhcpcd5:armhf 1:6.11.5-1+rpt7
2024-06-09 22:10:12 configure libasound2-data:all 1.1.3-5+rpt4 <none>
2024-06-09 22:10:12 status unpacked libasound2-data:all 1.1.3-5+rpt4
2024-06-09 22:10:12 status half-configured libasound2-data:all 1.1.3-5+rpt4
2024-06-09 22:10:12 status installed libasound2-data:all 1.1.3-5+rpt4
2024-06-09 22:10:12 configure pi-bluetooth:all 0.1.10 <none>
2024-06-09 22:10:12 status unpacked pi-bluetooth:all 0.1.10
2024-06-09 22:10:12 status half-configured pi-bluetooth:all 0.1.10
2024-06-09 22:10:14 status installed pi-bluetooth:all 0.1.10
2024-06-09 22:10:14 configure raspberrypi-bootloader:armhf 1.20190819~stretch-1 <none>
2024-06-09 22:10:14 status unpacked raspberrypi-bootloader:armhf 1.20190819~stretch-1
2024-06-09 22:10:14 status half-configured raspberrypi-bootloader:armhf 1.20190819~stretch-1
2024-06-09 22:10:22 status installed raspberrypi-bootloader:armhf 1.20190819~stretch-1
2024-06-09 22:10:22 configure wpasupplicant:armhf 2:2.6-21~bpo9~rpt1 <none>
2024-06-09 22:10:22 status unpacked wpasupplicant:armhf 2:2.6-21~bpo9~rpt1
2024-06-09 22:10:23 status unpacked wpasupplicant:armhf 2:2.6-21~bpo9~rpt1
2024-06-09 22:10:23 status unpacked wpasupplicant:armhf 2:2.6-21~bpo9~rpt1
2024-06-09 22:10:23 status unpacked wpasupplicant:armhf 2:2.6-21~bpo9~rpt1
2024-06-09 22:10:23 status unpacked wpasupplicant:armhf 2:2.6-21~bpo9~rpt1
2024-06-09 22:10:23 status half-configured wpasupplicant:armhf 2:2.6-21~bpo9~rpt1
2024-06-09 22:10:25 status installed wpasupplicant:armhf 2:2.6-21~bpo9~rpt1
2024-06-09 22:10:25 configure wireless-regdb:all 2018.05.09-0~rpt1 <none>
2024-06-09 22:10:25 status unpacked wireless-regdb:all 2018.05.09-0~rpt1
2024-06-09 22:10:25 status half-configured wireless-regdb:all 2018.05.09-0~rpt1
2024-06-09 22:10:25 status installed wireless-regdb:all 2018.05.09-0~rpt1
2024-06-09 22:10:25 configure libasound2:armhf 1.1.3-5+rpt4 <none>
2024-06-09 22:10:25 status unpacked libasound2:armhf 1.1.3-5+rpt4
2024-06-09 22:10:25 status half-configured libasound2:armhf 1.1.3-5+rpt4
2024-06-09 22:10:25 status installed libasound2:armhf 1.1.3-5+rpt4
2024-06-09 22:10:25 configure raspi-config:all 20190423 <none>
2024-06-09 22:10:25 status unpacked raspi-config:all 20190423
2024-06-09 22:10:25 status unpacked raspi-config:all 20190423
2024-06-09 22:10:25 status unpacked raspi-config:all 20190423
2024-06-09 22:10:25 status half-configured raspi-config:all 20190423
2024-06-09 22:10:26 status installed raspi-config:all 20190423
2024-06-09 22:10:26 configure libpixman-1-0:armhf 0.34.0-1+rpi1 <none>
2024-06-09 22:10:26 status unpacked libpixman-1-0:armhf 0.34.0-1+rpi1
2024-06-09 22:10:26 status half-configured libpixman-1-0:armhf 0.34.0-1+rpi1
2024-06-09 22:10:26 status installed libpixman-1-0:armhf 0.34.0-1+rpi1
2024-06-09 22:10:27 configure python-six:all 1.12.0-0+rpt1 <none>
2024-06-09 22:10:27 status unpacked python-six:all 1.12.0-0+rpt1
2024-06-09 22:10:27 status half-configured python-six:all 1.12.0-0+rpt1
2024-06-09 22:10:27 status installed python-six:all 1.12.0-0+rpt1
2024-06-09 22:10:27 trigproc libc-bin:armhf 2.24-11+deb9u3 <none>
2024-06-09 22:10:27 status half-configured libc-bin:armhf 2.24-11+deb9u3
2024-06-09 22:10:28 status installed libc-bin:armhf 2.24-11+deb9u3
2024-06-09 22:10:28 configure firmware-libertas:all 1:20161130-3+rpt4 <none>
2024-06-09 22:10:28 status unpacked firmware-libertas:all 1:20161130-3+rpt4
2024-06-09 22:10:28 status half-configured firmware-libertas:all 1:20161130-3+rpt4
2024-06-09 22:10:28 status installed firmware-libertas:all 1:20161130-3+rpt4
2024-06-09 22:10:28 configure raspberrypi-kernel:armhf 1.20190819~stretch-1 <none>
2024-06-09 22:10:28 status unpacked raspberrypi-kernel:armhf 1.20190819~stretch-1
2024-06-09 22:10:28 status unpacked raspberrypi-kernel:armhf 1.20190819~stretch-1
2024-06-09 22:10:28 status half-configured raspberrypi-kernel:armhf 1.20190819~stretch-1
2024-06-09 22:11:32 status installed raspberrypi-kernel:armhf 1.20190819~stretch-1
2024-06-09 22:11:32 trigproc systemd:armhf 232-25+deb9u2 <none>
2024-06-09 22:11:32 status half-configured systemd:armhf 232-25+deb9u2
2024-06-09 22:11:32 status installed systemd:armhf 232-25+deb9u2
2024-06-09 22:11:32 configure firmware-misc-nonfree:all 1:20161130-3+rpt4 <none>
2024-06-09 22:11:32 status unpacked firmware-misc-nonfree:all 1:20161130-3+rpt4
2024-06-09 22:11:32 status half-configured firmware-misc-nonfree:all 1:20161130-3+rpt4
2024-06-09 22:11:32 status installed firmware-misc-nonfree:all 1:20161130-3+rpt4
2024-06-09 22:11:32 configure firmware-atheros:all 1:20161130-3+rpt4 <none>
2024-06-09 22:11:32 status unpacked firmware-atheros:all 1:20161130-3+rpt4
2024-06-09 22:11:32 status half-configured firmware-atheros:all 1:20161130-3+rpt4
2024-06-09 22:11:32 status installed firmware-atheros:all 1:20161130-3+rpt4
2024-06-09 22:11:32 trigproc man-db:armhf 2.7.6.1-2 <none>
2024-06-09 22:11:32 status half-configured man-db:armhf 2.7.6.1-2
2024-06-09 22:11:34 status installed man-db:armhf 2.7.6.1-2
2024-06-09 22:11:34 trigproc dbus:armhf 1.10.26-0+deb9u1 <none>
2024-06-09 22:11:34 status half-configured dbus:armhf 1.10.26-0+deb9u1
2024-06-09 22:11:34 status installed dbus:armhf 1.10.26-0+deb9u1
2024-06-09 22:11:34 configure firmware-brcm80211:all 1:20161130-3+rpt4 <none>
2024-06-09 22:11:34 status unpacked firmware-brcm80211:all 1:20161130-3+rpt4
2024-06-09 22:11:34 status half-configured firmware-brcm80211:all 1:20161130-3+rpt4
2024-06-09 22:11:34 status installed firmware-brcm80211:all 1:20161130-3+rpt4
2024-06-09 22:11:34 configure python-rpi.gpio:armhf 0.6.5~stretch-1 <none>
2024-06-09 22:11:34 status unpacked python-rpi.gpio:armhf 0.6.5~stretch-1
2024-06-09 22:11:34 status half-configured python-rpi.gpio:armhf 0.6.5~stretch-1
2024-06-09 22:11:34 status installed python-rpi.gpio:armhf 0.6.5~stretch-1
2024-06-09 22:11:34 configure libraspberrypi0:armhf 1.20190819~stretch-1 <none>
2024-06-09 22:11:34 status unpacked libraspberrypi0:armhf 1.20190819~stretch-1
2024-06-09 22:11:34 status unpacked libraspberrypi0:armhf 1.20190819~stretch-1
2024-06-09 22:11:34 status half-configured libraspberrypi0:armhf 1.20190819~stretch-1
2024-06-09 22:11:35 status installed libraspberrypi0:armhf 1.20190819~stretch-1
2024-06-09 22:11:35 configure libraspberrypi-doc:armhf 1.20190819~stretch-1 <none>
2024-06-09 22:11:35 status unpacked libraspberrypi-doc:armhf 1.20190819~stretch-1
2024-06-09 22:11:35 status half-configured libraspberrypi-doc:armhf 1.20190819~stretch-1
2024-06-09 22:11:35 status installed libraspberrypi-doc:armhf 1.20190819~stretch-1
2024-06-09 22:11:36 configure libraspberrypi-dev:armhf 1.20190819~stretch-1 <none>
2024-06-09 22:11:36 status unpacked libraspberrypi-dev:armhf 1.20190819~stretch-1
2024-06-09 22:11:36 status half-configured libraspberrypi-dev:armhf 1.20190819~stretch-1
2024-06-09 22:11:36 status installed libraspberrypi-dev:armhf 1.20190819~stretch-1
2024-06-09 22:11:36 configure libraspberrypi-bin:armhf 1.20190819~stretch-1 <none>
2024-06-09 22:11:36 status unpacked libraspberrypi-bin:armhf 1.20190819~stretch-1
2024-06-09 22:11:36 status half-configured libraspberrypi-bin:armhf 1.20190819~stretch-1
2024-06-09 22:11:36 status installed libraspberrypi-bin:armhf 1.20190819~stretch-1
2024-06-09 22:11:36 trigproc initramfs-tools:all 0.130 <none>
2024-06-09 22:11:36 status half-configured initramfs-tools:all 0.130
2024-06-09 22:11:36 status installed initramfs-tools:all 0.130
